Size = 50
Student ID: 119010221
Name: Haoyan Luo
Assignment 3: N Body Simulation CUDA Implementation
Total time: 1.095
Size = 100
Student ID: 119010221
Name: Haoyan Luo
Assignment 3: N Body Simulation CUDA Implementation
Total time: 1.113
Size = 200
Student ID: 119010221
Name: Haoyan Luo
Assignment 3: N Body Simulation CUDA Implementation
Total time: 1.301
Size = 400
Student ID: 119010221
Name: Haoyan Luo
Assignment 3: N Body Simulation CUDA Implementation
Total time: 2.239
Size = 800
Student ID: 119010221
Name: Haoyan Luo
Assignment 3: N Body Simulation CUDA Implementation
Total time: 3.785
Size = 1000
Student ID: 119010221
Name: Haoyan Luo
Assignment 3: N Body Simulation CUDA Implementation
Total time: 4.312
Size = 1600
Student ID: 119010221
Name: Haoyan Luo
Assignment 3: N Body Simulation CUDA Implementation
Total time: 6.291
Size = 3200
Student ID: 119010221
Name: Haoyan Luo
Assignment 3: N Body Simulation CUDA Implementation
Total time: 11.573
Size = 6400
Student ID: 119010221
Name: Haoyan Luo
Assignment 3: N Body Simulation CUDA Implementation
Total time: 22.044
