>>>>>>>>>>>>> size = 50 <<<<<<<<<<<<<<<
Process = 50
Student ID: 119010221
Name: Haoyan Luo
Assignment 3: N Body Simulation MPI Implementation
Total time: 0.016
Process = 50
Student ID: 119010221
Name: Haoyan Luo
Assignment 3: N Body Simulation MPI Implementation
Total time: 0.024
Process = 50
Student ID: 119010221
Name: Haoyan Luo
Assignment 3: N Body Simulation MPI Implementation
Total time: 0.021
Process = 50
Student ID: 119010221
Name: Haoyan Luo
Assignment 3: N Body Simulation MPI Implementation
Total time: 0.031
Process = 50
Student ID: 119010221
Name: Haoyan Luo
Assignment 3: N Body Simulation MPI Implementation
Total time: 0.040
Process = 50
Student ID: 119010221
Name: Haoyan Luo
Assignment 3: N Body Simulation MPI Implementation
Total time: 0.043
Process = 50
Student ID: 119010221
Name: Haoyan Luo
Assignment 3: N Body Simulation MPI Implementation
Total time: 0.065
Process = 50
Student ID: 119010221
Name: Haoyan Luo
Assignment 3: N Body Simulation MPI Implementation
Total time: 0.111
Process = 50
Student ID: 119010221
Name: Haoyan Luo
Assignment 3: N Body Simulation MPI Implementation
Total time: 0.139
>>>>>>>>>>>>> size = 100 <<<<<<<<<<<<<<<
Process = 100
Student ID: 119010221
Name: Haoyan Luo
Assignment 3: N Body Simulation MPI Implementation
Total time: 0.040
Process = 100
Student ID: 119010221
Name: Haoyan Luo
Assignment 3: N Body Simulation MPI Implementation
Total time: 0.037
Process = 100
Student ID: 119010221
Name: Haoyan Luo
Assignment 3: N Body Simulation MPI Implementation
Total time: 0.029
Process = 100
Student ID: 119010221
Name: Haoyan Luo
Assignment 3: N Body Simulation MPI Implementation
Total time: 0.033
Process = 100
Student ID: 119010221
Name: Haoyan Luo
Assignment 3: N Body Simulation MPI Implementation
Total time: 0.044
Process = 100
Student ID: 119010221
Name: Haoyan Luo
Assignment 3: N Body Simulation MPI Implementation
Total time: 0.046
Process = 100
Student ID: 119010221
Name: Haoyan Luo
Assignment 3: N Body Simulation MPI Implementation
Total time: 0.065
Process = 100
Student ID: 119010221
Name: Haoyan Luo
Assignment 3: N Body Simulation MPI Implementation
Total time: 0.092
Process = 100
Student ID: 119010221
Name: Haoyan Luo
Assignment 3: N Body Simulation MPI Implementation
Total time: 0.141
>>>>>>>>>>>>> size = 200 <<<<<<<<<<<<<<<
Process = 200
Student ID: 119010221
Name: Haoyan Luo
Assignment 3: N Body Simulation MPI Implementation
Total time: 0.151
Process = 200
Student ID: 119010221
Name: Haoyan Luo
Assignment 3: N Body Simulation MPI Implementation
Total time: 0.093
Process = 200
Student ID: 119010221
Name: Haoyan Luo
Assignment 3: N Body Simulation MPI Implementation
Total time: 0.058
Process = 200
Student ID: 119010221
Name: Haoyan Luo
Assignment 3: N Body Simulation MPI Implementation
Total time: 0.055
Process = 200
Student ID: 119010221
Name: Haoyan Luo
Assignment 3: N Body Simulation MPI Implementation
Total time: 0.053
Process = 200
Student ID: 119010221
Name: Haoyan Luo
Assignment 3: N Body Simulation MPI Implementation
Total time: 0.054
Process = 200
Student ID: 119010221
Name: Haoyan Luo
Assignment 3: N Body Simulation MPI Implementation
Total time: 0.091
Process = 200
Student ID: 119010221
Name: Haoyan Luo
Assignment 3: N Body Simulation MPI Implementation
Total time: 0.120
Process = 200
Student ID: 119010221
Name: Haoyan Luo
Assignment 3: N Body Simulation MPI Implementation
Total time: 0.158
>>>>>>>>>>>>> size = 400 <<<<<<<<<<<<<<<
Process = 400
Student ID: 119010221
Name: Haoyan Luo
Assignment 3: N Body Simulation MPI Implementation
Total time: 0.579
Process = 400
Student ID: 119010221
Name: Haoyan Luo
Assignment 3: N Body Simulation MPI Implementation
Total time: 0.311
Process = 400
Student ID: 119010221
Name: Haoyan Luo
Assignment 3: N Body Simulation MPI Implementation
Total time: 0.169
Process = 400
Student ID: 119010221
Name: Haoyan Luo
Assignment 3: N Body Simulation MPI Implementation
Total time: 0.108
Process = 400
Student ID: 119010221
Name: Haoyan Luo
Assignment 3: N Body Simulation MPI Implementation
Total time: 0.115
Process = 400
Student ID: 119010221
Name: Haoyan Luo
Assignment 3: N Body Simulation MPI Implementation
Total time: 0.082
Process = 400
Student ID: 119010221
Name: Haoyan Luo
Assignment 3: N Body Simulation MPI Implementation
Total time: 0.126
Process = 400
Student ID: 119010221
Name: Haoyan Luo
Assignment 3: N Body Simulation MPI Implementation
Total time: 0.154
Process = 400
Student ID: 119010221
Name: Haoyan Luo
Assignment 3: N Body Simulation MPI Implementation
Total time: 0.171
>>>>>>>>>>>>> size = 800 <<<<<<<<<<<<<<<
Process = 800
Student ID: 119010221
Name: Haoyan Luo
Assignment 3: N Body Simulation MPI Implementation
Total time: 2.281
Process = 800
Student ID: 119010221
Name: Haoyan Luo
Assignment 3: N Body Simulation MPI Implementation
Total time: 1.253
Process = 800
Student ID: 119010221
Name: Haoyan Luo
Assignment 3: N Body Simulation MPI Implementation
Total time: 0.655
Process = 800
Student ID: 119010221
Name: Haoyan Luo
Assignment 3: N Body Simulation MPI Implementation
Total time: 0.410
Process = 800
Student ID: 119010221
Name: Haoyan Luo
Assignment 3: N Body Simulation MPI Implementation
Total time: 0.239
Process = 800
Student ID: 119010221
Name: Haoyan Luo
Assignment 3: N Body Simulation MPI Implementation
Total time: 0.272
Process = 800
Student ID: 119010221
Name: Haoyan Luo
Assignment 3: N Body Simulation MPI Implementation
Total time: 0.248
Process = 800
Student ID: 119010221
Name: Haoyan Luo
Assignment 3: N Body Simulation MPI Implementation
Total time: 0.251
Process = 800
Student ID: 119010221
Name: Haoyan Luo
Assignment 3: N Body Simulation MPI Implementation
Total time: 0.307
>>>>>>>>>>>>> size = 1000 <<<<<<<<<<<<<<<
Process = 1000
Student ID: 119010221
Name: Haoyan Luo
Assignment 3: N Body Simulation MPI Implementation
Total time: 3.608
Process = 1000
Student ID: 119010221
Name: Haoyan Luo
Assignment 3: N Body Simulation MPI Implementation
Total time: 1.858
Process = 1000
Student ID: 119010221
Name: Haoyan Luo
Assignment 3: N Body Simulation MPI Implementation
Total time: 1.156
Process = 1000
Student ID: 119010221
Name: Haoyan Luo
Assignment 3: N Body Simulation MPI Implementation
Total time: 0.487
Process = 1000
Student ID: 119010221
Name: Haoyan Luo
Assignment 3: N Body Simulation MPI Implementation
Total time: 0.352
Process = 1000
Student ID: 119010221
Name: Haoyan Luo
Assignment 3: N Body Simulation MPI Implementation
Total time: 0.282
Process = 1000
Student ID: 119010221
Name: Haoyan Luo
Assignment 3: N Body Simulation MPI Implementation
Total time: 0.356
Process = 1000
Student ID: 119010221
Name: Haoyan Luo
Assignment 3: N Body Simulation MPI Implementation
Total time: 0.308
Process = 1000
Student ID: 119010221
Name: Haoyan Luo
Assignment 3: N Body Simulation MPI Implementation
Total time: 0.327
>>>>>>>>>>>>> size = 1600 <<<<<<<<<<<<<<<
Process = 1600
Student ID: 119010221
Name: Haoyan Luo
Assignment 3: N Body Simulation MPI Implementation
Total time: 9.264
Process = 1600
Student ID: 119010221
Name: Haoyan Luo
Assignment 3: N Body Simulation MPI Implementation
Total time: 4.702
Process = 1600
Student ID: 119010221
Name: Haoyan Luo
Assignment 3: N Body Simulation MPI Implementation
Total time: 2.450
Process = 1600
Student ID: 119010221
Name: Haoyan Luo
Assignment 3: N Body Simulation MPI Implementation
Total time: 1.224
Process = 1600
Student ID: 119010221
Name: Haoyan Luo
Assignment 3: N Body Simulation MPI Implementation
Total time: 1.197
Process = 1600
Student ID: 119010221
Name: Haoyan Luo
Assignment 3: N Body Simulation MPI Implementation
Total time: 0.676
Process = 1600
Student ID: 119010221
Name: Haoyan Luo
Assignment 3: N Body Simulation MPI Implementation
Total time: 0.794
Process = 1600
Student ID: 119010221
Name: Haoyan Luo
Assignment 3: N Body Simulation MPI Implementation
Total time: 0.680
Process = 1600
Student ID: 119010221
Name: Haoyan Luo
Assignment 3: N Body Simulation MPI Implementation
Total time: 0.597
>>>>>>>>>>>>> size = 3200 <<<<<<<<<<<<<<<
Process = 3200
Student ID: 119010221
Name: Haoyan Luo
Assignment 3: N Body Simulation MPI Implementation
Total time: 36.848
Process = 3200
Student ID: 119010221
Name: Haoyan Luo
Assignment 3: N Body Simulation MPI Implementation
Total time: 18.764
Process = 3200
Student ID: 119010221
Name: Haoyan Luo
Assignment 3: N Body Simulation MPI Implementation
Total time: 9.459
Process = 3200
Student ID: 119010221
Name: Haoyan Luo
Assignment 3: N Body Simulation MPI Implementation
Total time: 4.849
Process = 3200
Student ID: 119010221
Name: Haoyan Luo
Assignment 3: N Body Simulation MPI Implementation
Total time: 3.444
Process = 3200
Student ID: 119010221
Name: Haoyan Luo
Assignment 3: N Body Simulation MPI Implementation
Total time: 2.448
Process = 3200
Student ID: 119010221
Name: Haoyan Luo
Assignment 3: N Body Simulation MPI Implementation
Total time: 3.110
Process = 3200
Student ID: 119010221
Name: Haoyan Luo
Assignment 3: N Body Simulation MPI Implementation
Total time: 2.341
Process = 3200
Student ID: 119010221
Name: Haoyan Luo
Assignment 3: N Body Simulation MPI Implementation
Total time: 1.916
>>>>>>>>>>>>> size = 6400 <<<<<<<<<<<<<<<
Process = 6400
Student ID: 119010221
Name: Haoyan Luo
Assignment 3: N Body Simulation MPI Implementation
Total time: 146.486
Process = 6400
Student ID: 119010221
Name: Haoyan Luo
Assignment 3: N Body Simulation MPI Implementation
Total time: 74.732
Process = 6400
Student ID: 119010221
Name: Haoyan Luo
Assignment 3: N Body Simulation MPI Implementation
Total time: 37.425
Process = 6400
Student ID: 119010221
Name: Haoyan Luo
Assignment 3: N Body Simulation MPI Implementation
Total time: 18.871
Process = 6400
Student ID: 119010221
Name: Haoyan Luo
Assignment 3: N Body Simulation MPI Implementation
Total time: 13.121
Process = 6400
Student ID: 119010221
Name: Haoyan Luo
Assignment 3: N Body Simulation MPI Implementation
Total time: 9.449
Process = 6400
Student ID: 119010221
Name: Haoyan Luo
Assignment 3: N Body Simulation MPI Implementation
Total time: 11.850
Process = 6400
Student ID: 119010221
Name: Haoyan Luo
Assignment 3: N Body Simulation MPI Implementation
Total time: 8.913
Process = 6400
Student ID: 119010221
Name: Haoyan Luo
Assignment 3: N Body Simulation MPI Implementation
Total time: 7.172
