>>>>>>>>>>>>> size = 50 <<<<<<<<<<<<<<<
Student ID: 119010221
Name: Haoyan Luo
Assignment 3: N Body Simulation OpenMP Implementation
Total time: 0.011
Thread: 1
Student ID: 119010221
Name: Haoyan Luo
Assignment 3: N Body Simulation OpenMP Implementation
Total time: 0.028
Thread: 2
Student ID: 119010221
Name: Haoyan Luo
Assignment 3: N Body Simulation OpenMP Implementation
Total time: 0.072
Thread: 4
Student ID: 119010221
Name: Haoyan Luo
Assignment 3: N Body Simulation OpenMP Implementation
Total time: 0.122
Thread: 8
Student ID: 119010221
Name: Haoyan Luo
Assignment 3: N Body Simulation OpenMP Implementation
Total time: 0.135
Thread: 12
Student ID: 119010221
Name: Haoyan Luo
Assignment 3: N Body Simulation OpenMP Implementation
Total time: 0.148
Thread: 16
Student ID: 119010221
Name: Haoyan Luo
Assignment 3: N Body Simulation OpenMP Implementation
Total time: 0.133
Thread: 24
Student ID: 119010221
Name: Haoyan Luo
Assignment 3: N Body Simulation OpenMP Implementation
Total time: 0.127
Thread: 32
Student ID: 119010221
Name: Haoyan Luo
Assignment 3: N Body Simulation OpenMP Implementation
Total time: 0.129
Thread: 40
>>>>>>>>>>>>> size = 100 <<<<<<<<<<<<<<<
Student ID: 119010221
Name: Haoyan Luo
Assignment 3: N Body Simulation OpenMP Implementation
Total time: 0.036
Thread: 1
Student ID: 119010221
Name: Haoyan Luo
Assignment 3: N Body Simulation OpenMP Implementation
Total time: 0.054
Thread: 2
Student ID: 119010221
Name: Haoyan Luo
Assignment 3: N Body Simulation OpenMP Implementation
Total time: 0.090
Thread: 4
Student ID: 119010221
Name: Haoyan Luo
Assignment 3: N Body Simulation OpenMP Implementation
Total time: 0.282
Thread: 8
Student ID: 119010221
Name: Haoyan Luo
Assignment 3: N Body Simulation OpenMP Implementation
Total time: 0.446
Thread: 12
Student ID: 119010221
Name: Haoyan Luo
Assignment 3: N Body Simulation OpenMP Implementation
Total time: 0.432
Thread: 16
Student ID: 119010221
Name: Haoyan Luo
Assignment 3: N Body Simulation OpenMP Implementation
Total time: 0.419
Thread: 24
Student ID: 119010221
Name: Haoyan Luo
Assignment 3: N Body Simulation OpenMP Implementation
Total time: 0.372
Thread: 32
Student ID: 119010221
Name: Haoyan Luo
Assignment 3: N Body Simulation OpenMP Implementation
Total time: 0.376
Thread: 40
>>>>>>>>>>>>> size = 200 <<<<<<<<<<<<<<<
Student ID: 119010221
Name: Haoyan Luo
Assignment 3: N Body Simulation OpenMP Implementation
Total time: 0.144
Thread: 1
Student ID: 119010221
Name: Haoyan Luo
Assignment 3: N Body Simulation OpenMP Implementation
Total time: 0.170
Thread: 2
Student ID: 119010221
Name: Haoyan Luo
Assignment 3: N Body Simulation OpenMP Implementation
Total time: 0.129
Thread: 4
Student ID: 119010221
Name: Haoyan Luo
Assignment 3: N Body Simulation OpenMP Implementation
Total time: 0.501
Thread: 8
Student ID: 119010221
Name: Haoyan Luo
Assignment 3: N Body Simulation OpenMP Implementation
Total time: 0.893
Thread: 12
Student ID: 119010221
Name: Haoyan Luo
Assignment 3: N Body Simulation OpenMP Implementation
Total time: 1.050
Thread: 16
Student ID: 119010221
Name: Haoyan Luo
Assignment 3: N Body Simulation OpenMP Implementation
Total time: 1.088
Thread: 24
Student ID: 119010221
Name: Haoyan Luo
Assignment 3: N Body Simulation OpenMP Implementation
Total time: 0.938
Thread: 32
Student ID: 119010221
Name: Haoyan Luo
Assignment 3: N Body Simulation OpenMP Implementation
Total time: 0.918
Thread: 40
>>>>>>>>>>>>> size = 400 <<<<<<<<<<<<<<<
Student ID: 119010221
Name: Haoyan Luo
Assignment 3: N Body Simulation OpenMP Implementation
Total time: 0.589
Thread: 1
Student ID: 119010221
Name: Haoyan Luo
Assignment 3: N Body Simulation OpenMP Implementation
Total time: 0.526
Thread: 2
Student ID: 119010221
Name: Haoyan Luo
Assignment 3: N Body Simulation OpenMP Implementation
Total time: 0.448
Thread: 4
Student ID: 119010221
Name: Haoyan Luo
Assignment 3: N Body Simulation OpenMP Implementation
Total time: 0.667
Thread: 8
Student ID: 119010221
Name: Haoyan Luo
Assignment 3: N Body Simulation OpenMP Implementation
Total time: 0.824
Thread: 12
Student ID: 119010221
Name: Haoyan Luo
Assignment 3: N Body Simulation OpenMP Implementation
Total time: 0.914
Thread: 16
Student ID: 119010221
Name: Haoyan Luo
Assignment 3: N Body Simulation OpenMP Implementation
Total time: 1.101
Thread: 24
Student ID: 119010221
Name: Haoyan Luo
Assignment 3: N Body Simulation OpenMP Implementation
Total time: 1.298
Thread: 32
Student ID: 119010221
Name: Haoyan Luo
Assignment 3: N Body Simulation OpenMP Implementation
Total time: 1.572
Thread: 40
>>>>>>>>>>>>> size = 800 <<<<<<<<<<<<<<<
Student ID: 119010221
Name: Haoyan Luo
Assignment 3: N Body Simulation OpenMP Implementation
Total time: 2.279
Thread: 1
Student ID: 119010221
Name: Haoyan Luo
Assignment 3: N Body Simulation OpenMP Implementation
Total time: 2.057
Thread: 2
Student ID: 119010221
Name: Haoyan Luo
Assignment 3: N Body Simulation OpenMP Implementation
Total time: 1.233
Thread: 4
Student ID: 119010221
Name: Haoyan Luo
Assignment 3: N Body Simulation OpenMP Implementation
Total time: 0.942
Thread: 8
Student ID: 119010221
Name: Haoyan Luo
Assignment 3: N Body Simulation OpenMP Implementation
Total time: 0.945
Thread: 12
Student ID: 119010221
Name: Haoyan Luo
Assignment 3: N Body Simulation OpenMP Implementation
Total time: 0.950
Thread: 16
Student ID: 119010221
Name: Haoyan Luo
Assignment 3: N Body Simulation OpenMP Implementation
Total time: 1.025
Thread: 24
Student ID: 119010221
Name: Haoyan Luo
Assignment 3: N Body Simulation OpenMP Implementation
Total time: 1.278
Thread: 32
Student ID: 119010221
Name: Haoyan Luo
Assignment 3: N Body Simulation OpenMP Implementation
Total time: 1.830
Thread: 40
>>>>>>>>>>>>> size = 1000 <<<<<<<<<<<<<<<
Student ID: 119010221
Name: Haoyan Luo
Assignment 3: N Body Simulation OpenMP Implementation
Total time: 3.538
Thread: 1
Student ID: 119010221
Name: Haoyan Luo
Assignment 3: N Body Simulation OpenMP Implementation
Total time: 2.507
Thread: 2
Student ID: 119010221
Name: Haoyan Luo
Assignment 3: N Body Simulation OpenMP Implementation
Total time: 1.476
Thread: 4
Student ID: 119010221
Name: Haoyan Luo
Assignment 3: N Body Simulation OpenMP Implementation
Total time: 1.216
Thread: 8
Student ID: 119010221
Name: Haoyan Luo
Assignment 3: N Body Simulation OpenMP Implementation
Total time: 1.124
Thread: 12
Student ID: 119010221
Name: Haoyan Luo
Assignment 3: N Body Simulation OpenMP Implementation
Total time: 1.104
Thread: 16
Student ID: 119010221
Name: Haoyan Luo
Assignment 3: N Body Simulation OpenMP Implementation
Total time: 1.099
Thread: 24
Student ID: 119010221
Name: Haoyan Luo
Assignment 3: N Body Simulation OpenMP Implementation
Total time: 1.325
Thread: 32
Student ID: 119010221
Name: Haoyan Luo
Assignment 3: N Body Simulation OpenMP Implementation
Total time: 2.038
Thread: 40
>>>>>>>>>>>>> size = 1600 <<<<<<<<<<<<<<<
Student ID: 119010221
Name: Haoyan Luo
Assignment 3: N Body Simulation OpenMP Implementation
Total time: 9.107
Thread: 1
Student ID: 119010221
Name: Haoyan Luo
Assignment 3: N Body Simulation OpenMP Implementation
Total time: 6.044
Thread: 2
Student ID: 119010221
Name: Haoyan Luo
Assignment 3: N Body Simulation OpenMP Implementation
Total time: 3.361
Thread: 4
Student ID: 119010221
Name: Haoyan Luo
Assignment 3: N Body Simulation OpenMP Implementation
Total time: 2.186
Thread: 8
Student ID: 119010221
Name: Haoyan Luo
Assignment 3: N Body Simulation OpenMP Implementation
Total time: 1.846
Thread: 12
Student ID: 119010221
Name: Haoyan Luo
Assignment 3: N Body Simulation OpenMP Implementation
Total time: 1.753
Thread: 16
Student ID: 119010221
Name: Haoyan Luo
Assignment 3: N Body Simulation OpenMP Implementation
Total time: 1.500
Thread: 24
Student ID: 119010221
Name: Haoyan Luo
Assignment 3: N Body Simulation OpenMP Implementation
Total time: 1.628
Thread: 32
Student ID: 119010221
Name: Haoyan Luo
Assignment 3: N Body Simulation OpenMP Implementation
Total time: 2.326
Thread: 40
>>>>>>>>>>>>> size = 3200 <<<<<<<<<<<<<<<
Student ID: 119010221
Name: Haoyan Luo
Assignment 3: N Body Simulation OpenMP Implementation
Total time: 36.346
Thread: 1
Student ID: 119010221
Name: Haoyan Luo
Assignment 3: N Body Simulation OpenMP Implementation
Total time: 21.089
Thread: 2
Student ID: 119010221
Name: Haoyan Luo
Assignment 3: N Body Simulation OpenMP Implementation
Total time: 10.395
Thread: 4
Student ID: 119010221
Name: Haoyan Luo
Assignment 3: N Body Simulation OpenMP Implementation
Total time: 5.802
Thread: 8
Student ID: 119010221
Name: Haoyan Luo
Assignment 3: N Body Simulation OpenMP Implementation
Total time: 4.356
Thread: 12
Student ID: 119010221
Name: Haoyan Luo
Assignment 3: N Body Simulation OpenMP Implementation
Total time: 3.647
Thread: 16
Student ID: 119010221
Name: Haoyan Luo
Assignment 3: N Body Simulation OpenMP Implementation
Total time: 3.419
Thread: 24
Student ID: 119010221
Name: Haoyan Luo
Assignment 3: N Body Simulation OpenMP Implementation
Total time: 2.825
Thread: 32
Student ID: 119010221
Name: Haoyan Luo
Assignment 3: N Body Simulation OpenMP Implementation
Total time: 2.843
Thread: 40
>>>>>>>>>>>>> size = 6400 <<<<<<<<<<<<<<<
Student ID: 119010221
Name: Haoyan Luo
Assignment 3: N Body Simulation OpenMP Implementation
Total time: 145.288
Thread: 1
Student ID: 119010221
Name: Haoyan Luo
Assignment 3: N Body Simulation OpenMP Implementation
Total time: 74.109
Thread: 2
Student ID: 119010221
Name: Haoyan Luo
Assignment 3: N Body Simulation OpenMP Implementation
Total time: 36.939
Thread: 4
Student ID: 119010221
Name: Haoyan Luo
Assignment 3: N Body Simulation OpenMP Implementation
Total time: 18.850
Thread: 8
Student ID: 119010221
Name: Haoyan Luo
Assignment 3: N Body Simulation OpenMP Implementation
Total time: 12.665
Thread: 12
Student ID: 119010221
Name: Haoyan Luo
Assignment 3: N Body Simulation OpenMP Implementation
Total time: 9.580
Thread: 16
Student ID: 119010221
Name: Haoyan Luo
Assignment 3: N Body Simulation OpenMP Implementation
Total time: 12.207
Thread: 24
Student ID: 119010221
Name: Haoyan Luo
Assignment 3: N Body Simulation OpenMP Implementation
Total time: 9.036
Thread: 32
Student ID: 119010221
Name: Haoyan Luo
Assignment 3: N Body Simulation OpenMP Implementation
Total time: 7.547
Thread: 40
