>>>>>>>>>>>>> size = 50 <<<<<<<<<<<<<<<
Student ID: 119010221
Name: Haoyan Luo
Assignment 3: N Body Simulation Pthread Implementation
Total time: 0.057
Thread: 1
Student ID: 119010221
Name: Haoyan Luo
Assignment 3: N Body Simulation Pthread Implementation
Total time: 0.062
Thread: 2
Student ID: 119010221
Name: Haoyan Luo
Assignment 3: N Body Simulation Pthread Implementation
Total time: 0.063
Thread: 4
Student ID: 119010221
Name: Haoyan Luo
Assignment 3: N Body Simulation Pthread Implementation
Total time: 0.122
Thread: 8
Student ID: 119010221
Name: Haoyan Luo
Assignment 3: N Body Simulation Pthread Implementation
Total time: 0.170
Thread: 12
Student ID: 119010221
Name: Haoyan Luo
Assignment 3: N Body Simulation Pthread Implementation
Total time: 0.216
Thread: 16
Student ID: 119010221
Name: Haoyan Luo
Assignment 3: N Body Simulation Pthread Implementation
Total time: 0.328
Thread: 24
Student ID: 119010221
Name: Haoyan Luo
Assignment 3: N Body Simulation Pthread Implementation
Total time: 0.505
Thread: 32
Student ID: 119010221
Name: Haoyan Luo
Assignment 3: N Body Simulation Pthread Implementation
Total time: 0.543
Thread: 40
>>>>>>>>>>>>> size = 100 <<<<<<<<<<<<<<<
Student ID: 119010221
Name: Haoyan Luo
Assignment 3: N Body Simulation Pthread Implementation
Total time: 0.065
Thread: 1
Student ID: 119010221
Name: Haoyan Luo
Assignment 3: N Body Simulation Pthread Implementation
Total time: 0.070
Thread: 2
Student ID: 119010221
Name: Haoyan Luo
Assignment 3: N Body Simulation Pthread Implementation
Total time: 0.093
Thread: 4
Student ID: 119010221
Name: Haoyan Luo
Assignment 3: N Body Simulation Pthread Implementation
Total time: 0.209
Thread: 8
Student ID: 119010221
Name: Haoyan Luo
Assignment 3: N Body Simulation Pthread Implementation
Total time: 0.276
Thread: 12
Student ID: 119010221
Name: Haoyan Luo
Assignment 3: N Body Simulation Pthread Implementation
Total time: 0.283
Thread: 16
Student ID: 119010221
Name: Haoyan Luo
Assignment 3: N Body Simulation Pthread Implementation
Total time: 0.366
Thread: 24
Student ID: 119010221
Name: Haoyan Luo
Assignment 3: N Body Simulation Pthread Implementation
Total time: 0.454
Thread: 32
Student ID: 119010221
Name: Haoyan Luo
Assignment 3: N Body Simulation Pthread Implementation
Total time: 0.535
Thread: 40
>>>>>>>>>>>>> size = 200 <<<<<<<<<<<<<<<
Student ID: 119010221
Name: Haoyan Luo
Assignment 3: N Body Simulation Pthread Implementation
Total time: 0.177
Thread: 1
Student ID: 119010221
Name: Haoyan Luo
Assignment 3: N Body Simulation Pthread Implementation
Total time: 0.146
Thread: 2
Student ID: 119010221
Name: Haoyan Luo
Assignment 3: N Body Simulation Pthread Implementation
Total time: 0.148
Thread: 4
Student ID: 119010221
Name: Haoyan Luo
Assignment 3: N Body Simulation Pthread Implementation
Total time: 0.192
Thread: 8
Student ID: 119010221
Name: Haoyan Luo
Assignment 3: N Body Simulation Pthread Implementation
Total time: 0.205
Thread: 12
Student ID: 119010221
Name: Haoyan Luo
Assignment 3: N Body Simulation Pthread Implementation
Total time: 0.275
Thread: 16
Student ID: 119010221
Name: Haoyan Luo
Assignment 3: N Body Simulation Pthread Implementation
Total time: 0.378
Thread: 24
Student ID: 119010221
Name: Haoyan Luo
Assignment 3: N Body Simulation Pthread Implementation
Total time: 0.534
Thread: 32
Student ID: 119010221
Name: Haoyan Luo
Assignment 3: N Body Simulation Pthread Implementation
Total time: 0.652
Thread: 40
>>>>>>>>>>>>> size = 400 <<<<<<<<<<<<<<<
Student ID: 119010221
Name: Haoyan Luo
Assignment 3: N Body Simulation Pthread Implementation
Total time: 0.644
Thread: 1
Student ID: 119010221
Name: Haoyan Luo
Assignment 3: N Body Simulation Pthread Implementation
Total time: 0.390
Thread: 2
Student ID: 119010221
Name: Haoyan Luo
Assignment 3: N Body Simulation Pthread Implementation
Total time: 0.237
Thread: 4
Student ID: 119010221
Name: Haoyan Luo
Assignment 3: N Body Simulation Pthread Implementation
Total time: 0.394
Thread: 8
Student ID: 119010221
Name: Haoyan Luo
Assignment 3: N Body Simulation Pthread Implementation
Total time: 0.371
Thread: 12
Student ID: 119010221
Name: Haoyan Luo
Assignment 3: N Body Simulation Pthread Implementation
Total time: 0.339
Thread: 16
Student ID: 119010221
Name: Haoyan Luo
Assignment 3: N Body Simulation Pthread Implementation
Total time: 0.464
Thread: 24
Student ID: 119010221
Name: Haoyan Luo
Assignment 3: N Body Simulation Pthread Implementation
Total time: 0.536
Thread: 32
Student ID: 119010221
Name: Haoyan Luo
Assignment 3: N Body Simulation Pthread Implementation
Total time: 0.638
Thread: 40
>>>>>>>>>>>>> size = 800 <<<<<<<<<<<<<<<
Student ID: 119010221
Name: Haoyan Luo
Assignment 3: N Body Simulation Pthread Implementation
Total time: 2.520
Thread: 1
Student ID: 119010221
Name: Haoyan Luo
Assignment 3: N Body Simulation Pthread Implementation
Total time: 1.350
Thread: 2
Student ID: 119010221
Name: Haoyan Luo
Assignment 3: N Body Simulation Pthread Implementation
Total time: 0.926
Thread: 4
Student ID: 119010221
Name: Haoyan Luo
Assignment 3: N Body Simulation Pthread Implementation
Total time: 0.745
Thread: 8
Student ID: 119010221
Name: Haoyan Luo
Assignment 3: N Body Simulation Pthread Implementation
Total time: 0.696
Thread: 12
Student ID: 119010221
Name: Haoyan Luo
Assignment 3: N Body Simulation Pthread Implementation
Total time: 0.856
Thread: 16
Student ID: 119010221
Name: Haoyan Luo
Assignment 3: N Body Simulation Pthread Implementation
Total time: 0.841
Thread: 24
Student ID: 119010221
Name: Haoyan Luo
Assignment 3: N Body Simulation Pthread Implementation
Total time: 0.750
Thread: 32
Student ID: 119010221
Name: Haoyan Luo
Assignment 3: N Body Simulation Pthread Implementation
Total time: 0.730
Thread: 40
>>>>>>>>>>>>> size = 1000 <<<<<<<<<<<<<<<
Student ID: 119010221
Name: Haoyan Luo
Assignment 3: N Body Simulation Pthread Implementation
Total time: 3.865
Thread: 1
Student ID: 119010221
Name: Haoyan Luo
Assignment 3: N Body Simulation Pthread Implementation
Total time: 2.189
Thread: 2
Student ID: 119010221
Name: Haoyan Luo
Assignment 3: N Body Simulation Pthread Implementation
Total time: 1.466
Thread: 4
Student ID: 119010221
Name: Haoyan Luo
Assignment 3: N Body Simulation Pthread Implementation
Total time: 0.748
Thread: 8
Student ID: 119010221
Name: Haoyan Luo
Assignment 3: N Body Simulation Pthread Implementation
Total time: 0.639
Thread: 12
Student ID: 119010221
Name: Haoyan Luo
Assignment 3: N Body Simulation Pthread Implementation
Total time: 1.004
Thread: 16
Student ID: 119010221
Name: Haoyan Luo
Assignment 3: N Body Simulation Pthread Implementation
Total time: 1.297
Thread: 24
Student ID: 119010221
Name: Haoyan Luo
Assignment 3: N Body Simulation Pthread Implementation
Total time: 0.999
Thread: 32
Student ID: 119010221
Name: Haoyan Luo
Assignment 3: N Body Simulation Pthread Implementation
Total time: 0.977
Thread: 40
>>>>>>>>>>>>> size = 1600 <<<<<<<<<<<<<<<
Student ID: 119010221
Name: Haoyan Luo
Assignment 3: N Body Simulation Pthread Implementation
Total time: 9.946
Thread: 1
Student ID: 119010221
Name: Haoyan Luo
Assignment 3: N Body Simulation Pthread Implementation
Total time: 5.781
Thread: 2
Student ID: 119010221
Name: Haoyan Luo
Assignment 3: N Body Simulation Pthread Implementation
Total time: 4.230
Thread: 4
Student ID: 119010221
Name: Haoyan Luo
Assignment 3: N Body Simulation Pthread Implementation
Total time: 1.706
Thread: 8
Student ID: 119010221
Name: Haoyan Luo
Assignment 3: N Body Simulation Pthread Implementation
Total time: 1.187
Thread: 12
Student ID: 119010221
Name: Haoyan Luo
Assignment 3: N Body Simulation Pthread Implementation
Total time: 1.035
Thread: 16
Student ID: 119010221
Name: Haoyan Luo
Assignment 3: N Body Simulation Pthread Implementation
Total time: 2.543
Thread: 24
Student ID: 119010221
Name: Haoyan Luo
Assignment 3: N Body Simulation Pthread Implementation
Total time: 2.249
Thread: 32
Student ID: 119010221
Name: Haoyan Luo
Assignment 3: N Body Simulation Pthread Implementation
Total time: 2.130
Thread: 40
>>>>>>>>>>>>> size = 3200 <<<<<<<<<<<<<<<
Student ID: 119010221
Name: Haoyan Luo
Assignment 3: N Body Simulation Pthread Implementation
Total time: 39.693
Thread: 1
Student ID: 119010221
Name: Haoyan Luo
Assignment 3: N Body Simulation Pthread Implementation
Total time: 19.813
Thread: 2
Student ID: 119010221
Name: Haoyan Luo
Assignment 3: N Body Simulation Pthread Implementation
Total time: 13.915
Thread: 4
Student ID: 119010221
Name: Haoyan Luo
Assignment 3: N Body Simulation Pthread Implementation
Total time: 6.169
Thread: 8
Student ID: 119010221
Name: Haoyan Luo
Assignment 3: N Body Simulation Pthread Implementation
Total time: 4.258
Thread: 12
Student ID: 119010221
Name: Haoyan Luo
Assignment 3: N Body Simulation Pthread Implementation
Total time: 3.728
Thread: 16
Student ID: 119010221
Name: Haoyan Luo
Assignment 3: N Body Simulation Pthread Implementation
Total time: 7.416
Thread: 24
Student ID: 119010221
Name: Haoyan Luo
Assignment 3: N Body Simulation Pthread Implementation
Total time: 6.339
Thread: 32
Student ID: 119010221
Name: Haoyan Luo
Assignment 3: N Body Simulation Pthread Implementation
Total time: 4.435
Thread: 40
>>>>>>>>>>>>> size = 6400 <<<<<<<<<<<<<<<
Student ID: 119010221
Name: Haoyan Luo
Assignment 3: N Body Simulation Pthread Implementation
Total time: 149.964
Thread: 1
Student ID: 119010221
Name: Haoyan Luo
Assignment 3: N Body Simulation Pthread Implementation
Total time: 76.909
Thread: 2
Student ID: 119010221
Name: Haoyan Luo
Assignment 3: N Body Simulation Pthread Implementation
Total time: 43.459
Thread: 4
Student ID: 119010221
Name: Haoyan Luo
Assignment 3: N Body Simulation Pthread Implementation
Total time: 20.973
Thread: 8
Student ID: 119010221
Name: Haoyan Luo
Assignment 3: N Body Simulation Pthread Implementation
Total time: 14.943
Thread: 12
Student ID: 119010221
Name: Haoyan Luo
Assignment 3: N Body Simulation Pthread Implementation
Total time: 11.763
Thread: 16
Student ID: 119010221
Name: Haoyan Luo
Assignment 3: N Body Simulation Pthread Implementation
Total time: 14.818
Thread: 24
Student ID: 119010221
Name: Haoyan Luo
Assignment 3: N Body Simulation Pthread Implementation
Total time: 12.783
Thread: 32
Student ID: 119010221
Name: Haoyan Luo
Assignment 3: N Body Simulation Pthread Implementation
Total time: 11.042
Thread: 40
