Student ID: 119010221
Name: Haoyan Luo
Assignment 3: N Body Simulation Sequential Implementation
Total time: 0.019
Size = 50
Student ID: 119010221
Name: Haoyan Luo
Assignment 3: N Body Simulation Sequential Implementation
Total time: 0.037
Size = 100
Student ID: 119010221
Name: Haoyan Luo
Assignment 3: N Body Simulation Sequential Implementation
Total time: 0.143
Size = 200
Student ID: 119010221
Name: Haoyan Luo
Assignment 3: N Body Simulation Sequential Implementation
Total time: 0.571
Size = 400
Student ID: 119010221
Name: Haoyan Luo
Assignment 3: N Body Simulation Sequential Implementation
Total time: 2.281
Size = 800
Student ID: 119010221
Name: Haoyan Luo
Assignment 3: N Body Simulation Sequential Implementation
Total time: 3.565
Size = 1000
Student ID: 119010221
Name: Haoyan Luo
Assignment 3: N Body Simulation Sequential Implementation
Total time: 9.147
Size = 1600
Student ID: 119010221
Name: Haoyan Luo
Assignment 3: N Body Simulation Sequential Implementation
Total time: 36.313
Size = 3200
Student ID: 119010221
Name: Haoyan Luo
Assignment 3: N Body Simulation Sequential Implementation
Total time: 145.390
Size = 6400
