Size = 100
Converge after 2000 iterations, elapsed time: 0.017538, average computation time: 0.000009
Student ID: 119010221
Name: Haoyan Luo
Assignment 4: Heat Distribution CUDA Implementation
Size = 200
Converge after 2000 iterations, elapsed time: 0.021730, average computation time: 0.000011
Student ID: 119010221
Name: Haoyan Luo
Assignment 4: Heat Distribution CUDA Implementation
Size = 400
Converge after 2000 iterations, elapsed time: 0.037611, average computation time: 0.000019
Student ID: 119010221
Name: Haoyan Luo
Assignment 4: Heat Distribution CUDA Implementation
Size = 800
Converge after 2000 iterations, elapsed time: 0.103052, average computation time: 0.000052
Student ID: 119010221
Name: Haoyan Luo
Assignment 4: Heat Distribution CUDA Implementation
Size = 1000
Converge after 2000 iterations, elapsed time: 0.138119, average computation time: 0.000069
Student ID: 119010221
Name: Haoyan Luo
Assignment 4: Heat Distribution CUDA Implementation
Size = 1600
Converge after 2000 iterations, elapsed time: 0.026971, average computation time: 0.000013
Student ID: 119010221
Name: Haoyan Luo
Assignment 4: Heat Distribution CUDA Implementation
Size = 3200
Converge after 2000 iterations, elapsed time: 0.027698, average computation time: 0.000014
Student ID: 119010221
Name: Haoyan Luo
Assignment 4: Heat Distribution CUDA Implementation
