>>>>>>>>>>>>> size = 100 <<<<<<<<<<<<<<<
Student ID: 119010221
Name: Haoyan Luo
Assignment 2 Pthread
Run Time: 0.008097 seconds
Problem Size: 100 * 100, 100
Thread Number: 1
Student ID: 119010221
Name: Haoyan Luo
Assignment 2 Pthread
Run Time: 0.005758 seconds
Problem Size: 100 * 100, 100
Thread Number: 2
Student ID: 119010221
Name: Haoyan Luo
Assignment 2 Pthread
Run Time: 0.004104 seconds
Problem Size: 100 * 100, 100
Thread Number: 4
Student ID: 119010221
Name: Haoyan Luo
Assignment 2 Pthread
Run Time: 0.002757 seconds
Problem Size: 100 * 100, 100
Thread Number: 8
Student ID: 119010221
Name: Haoyan Luo
Assignment 2 Pthread
Run Time: 0.002351 seconds
Problem Size: 100 * 100, 100
Thread Number: 12
Student ID: 119010221
Name: Haoyan Luo
Assignment 2 Pthread
Run Time: 0.002219 seconds
Problem Size: 100 * 100, 100
Thread Number: 16
Student ID: 119010221
Name: Haoyan Luo
Assignment 2 Pthread
Run Time: 0.002717 seconds
Problem Size: 100 * 100, 100
Thread Number: 24
Student ID: 119010221
Name: Haoyan Luo
Assignment 2 Pthread
Run Time: 0.003047 seconds
Problem Size: 100 * 100, 100
Thread Number: 32
Student ID: 119010221
Name: Haoyan Luo
Assignment 2 Pthread
Run Time: 0.004313 seconds
Problem Size: 100 * 100, 100
Thread Number: 40
>>>>>>>>>>>>> size = 400 <<<<<<<<<<<<<<<
Student ID: 119010221
Name: Haoyan Luo
Assignment 2 Pthread
Run Time: 0.059992 seconds
Problem Size: 400 * 400, 100
Thread Number: 1
Student ID: 119010221
Name: Haoyan Luo
Assignment 2 Pthread
Run Time: 0.034749 seconds
Problem Size: 400 * 400, 100
Thread Number: 2
Student ID: 119010221
Name: Haoyan Luo
Assignment 2 Pthread
Run Time: 0.033331 seconds
Problem Size: 400 * 400, 100
Thread Number: 4
Student ID: 119010221
Name: Haoyan Luo
Assignment 2 Pthread
Run Time: 0.026413 seconds
Problem Size: 400 * 400, 100
Thread Number: 8
Student ID: 119010221
Name: Haoyan Luo
Assignment 2 Pthread
Run Time: 0.022682 seconds
Problem Size: 400 * 400, 100
Thread Number: 12
Student ID: 119010221
Name: Haoyan Luo
Assignment 2 Pthread
Run Time: 0.017963 seconds
Problem Size: 400 * 400, 100
Thread Number: 16
Student ID: 119010221
Name: Haoyan Luo
Assignment 2 Pthread
Run Time: 0.014781 seconds
Problem Size: 400 * 400, 100
Thread Number: 24
Student ID: 119010221
Name: Haoyan Luo
Assignment 2 Pthread
Run Time: 0.012611 seconds
Problem Size: 400 * 400, 100
Thread Number: 32
Student ID: 119010221
Name: Haoyan Luo
Assignment 2 Pthread
Run Time: 0.011860 seconds
Problem Size: 400 * 400, 100
Thread Number: 40
>>>>>>>>>>>>> size = 800 <<<<<<<<<<<<<<<
Student ID: 119010221
Name: Haoyan Luo
Assignment 2 Pthread
Run Time: 0.206579 seconds
Problem Size: 800 * 800, 100
Thread Number: 1
Student ID: 119010221
Name: Haoyan Luo
Assignment 2 Pthread
Run Time: 0.139921 seconds
Problem Size: 800 * 800, 100
Thread Number: 2
Student ID: 119010221
Name: Haoyan Luo
Assignment 2 Pthread
Run Time: 0.113877 seconds
Problem Size: 800 * 800, 100
Thread Number: 4
Student ID: 119010221
Name: Haoyan Luo
Assignment 2 Pthread
Run Time: 0.067674 seconds
Problem Size: 800 * 800, 100
Thread Number: 8
Student ID: 119010221
Name: Haoyan Luo
Assignment 2 Pthread
Run Time: 0.055985 seconds
Problem Size: 800 * 800, 100
Thread Number: 12
Student ID: 119010221
Name: Haoyan Luo
Assignment 2 Pthread
Run Time: 0.046673 seconds
Problem Size: 800 * 800, 100
Thread Number: 16
Student ID: 119010221
Name: Haoyan Luo
Assignment 2 Pthread
Run Time: 0.040124 seconds
Problem Size: 800 * 800, 100
Thread Number: 24
Student ID: 119010221
Name: Haoyan Luo
Assignment 2 Pthread
Run Time: 0.038594 seconds
Problem Size: 800 * 800, 100
Thread Number: 32
Student ID: 119010221
Name: Haoyan Luo
Assignment 2 Pthread
Run Time: 0.033285 seconds
Problem Size: 800 * 800, 100
Thread Number: 40
>>>>>>>>>>>>> size = 1000 <<<<<<<<<<<<<<<
Student ID: 119010221
Name: Haoyan Luo
Assignment 2 Pthread
Run Time: 0.287800 seconds
Problem Size: 1000 * 1000, 100
Thread Number: 1
Student ID: 119010221
Name: Haoyan Luo
Assignment 2 Pthread
Run Time: 0.198138 seconds
Problem Size: 1000 * 1000, 100
Thread Number: 2
Student ID: 119010221
Name: Haoyan Luo
Assignment 2 Pthread
Run Time: 0.147633 seconds
Problem Size: 1000 * 1000, 100
Thread Number: 4
Student ID: 119010221
Name: Haoyan Luo
Assignment 2 Pthread
Run Time: 0.094651 seconds
Problem Size: 1000 * 1000, 100
Thread Number: 8
Student ID: 119010221
Name: Haoyan Luo
Assignment 2 Pthread
Run Time: 0.075709 seconds
Problem Size: 1000 * 1000, 100
Thread Number: 12
Student ID: 119010221
Name: Haoyan Luo
Assignment 2 Pthread
Run Time: 0.061091 seconds
Problem Size: 1000 * 1000, 100
Thread Number: 16
Student ID: 119010221
Name: Haoyan Luo
Assignment 2 Pthread
Run Time: 0.056886 seconds
Problem Size: 1000 * 1000, 100
Thread Number: 24
Student ID: 119010221
Name: Haoyan Luo
Assignment 2 Pthread
Run Time: 0.048737 seconds
Problem Size: 1000 * 1000, 100
Thread Number: 32
Student ID: 119010221
Name: Haoyan Luo
Assignment 2 Pthread
Run Time: 0.042299 seconds
Problem Size: 1000 * 1000, 100
Thread Number: 40
>>>>>>>>>>>>> size = 2000 <<<<<<<<<<<<<<<
Student ID: 119010221
Name: Haoyan Luo
Assignment 2 Pthread
Run Time: 1.068613 seconds
Problem Size: 2000 * 2000, 100
Thread Number: 1
Student ID: 119010221
Name: Haoyan Luo
Assignment 2 Pthread
Run Time: 0.773309 seconds
Problem Size: 2000 * 2000, 100
Thread Number: 2
Student ID: 119010221
Name: Haoyan Luo
Assignment 2 Pthread
Run Time: 0.523559 seconds
Problem Size: 2000 * 2000, 100
Thread Number: 4
Student ID: 119010221
Name: Haoyan Luo
Assignment 2 Pthread
Run Time: 0.321861 seconds
Problem Size: 2000 * 2000, 100
Thread Number: 8
Student ID: 119010221
Name: Haoyan Luo
Assignment 2 Pthread
Run Time: 0.231834 seconds
Problem Size: 2000 * 2000, 100
Thread Number: 12
Student ID: 119010221
Name: Haoyan Luo
Assignment 2 Pthread
Run Time: 0.197216 seconds
Problem Size: 2000 * 2000, 100
Thread Number: 16
Student ID: 119010221
Name: Haoyan Luo
Assignment 2 Pthread
Run Time: 0.152636 seconds
Problem Size: 2000 * 2000, 100
Thread Number: 24
Student ID: 119010221
Name: Haoyan Luo
Assignment 2 Pthread
Run Time: 0.135579 seconds
Problem Size: 2000 * 2000, 100
Thread Number: 32
Student ID: 119010221
Name: Haoyan Luo
Assignment 2 Pthread
Run Time: 0.113364 seconds
Problem Size: 2000 * 2000, 100
Thread Number: 40
>>>>>>>>>>>>> size = 3000 <<<<<<<<<<<<<<<
Student ID: 119010221
Name: Haoyan Luo
Assignment 2 Pthread
Run Time: 2.373049 seconds
Problem Size: 3000 * 3000, 100
Thread Number: 1
Student ID: 119010221
Name: Haoyan Luo
Assignment 2 Pthread
Run Time: 1.662419 seconds
Problem Size: 3000 * 3000, 100
Thread Number: 2
Student ID: 119010221
Name: Haoyan Luo
Assignment 2 Pthread
Run Time: 1.141046 seconds
Problem Size: 3000 * 3000, 100
Thread Number: 4
Student ID: 119010221
Name: Haoyan Luo
Assignment 2 Pthread
Run Time: 0.674006 seconds
Problem Size: 3000 * 3000, 100
Thread Number: 8
Student ID: 119010221
Name: Haoyan Luo
Assignment 2 Pthread
Run Time: 0.487172 seconds
Problem Size: 3000 * 3000, 100
Thread Number: 12
Student ID: 119010221
Name: Haoyan Luo
Assignment 2 Pthread
Run Time: 0.382896 seconds
Problem Size: 3000 * 3000, 100
Thread Number: 16
Student ID: 119010221
Name: Haoyan Luo
Assignment 2 Pthread
Run Time: 0.298197 seconds
Problem Size: 3000 * 3000, 100
Thread Number: 24
Student ID: 119010221
Name: Haoyan Luo
Assignment 2 Pthread
Run Time: 0.247797 seconds
Problem Size: 3000 * 3000, 100
Thread Number: 32
Student ID: 119010221
Name: Haoyan Luo
Assignment 2 Pthread
Run Time: 0.225828 seconds
Problem Size: 3000 * 3000, 100
Thread Number: 40
>>>>>>>>>>>>> size = 4000 <<<<<<<<<<<<<<<
Student ID: 119010221
Name: Haoyan Luo
Assignment 2 Pthread
Run Time: 4.198462 seconds
Problem Size: 4000 * 4000, 100
Thread Number: 1
Student ID: 119010221
Name: Haoyan Luo
Assignment 2 Pthread
Run Time: 2.942539 seconds
Problem Size: 4000 * 4000, 100
Thread Number: 2
Student ID: 119010221
Name: Haoyan Luo
Assignment 2 Pthread
Run Time: 2.008855 seconds
Problem Size: 4000 * 4000, 100
Thread Number: 4
Student ID: 119010221
Name: Haoyan Luo
Assignment 2 Pthread
Run Time: 1.180890 seconds
Problem Size: 4000 * 4000, 100
Thread Number: 8
Student ID: 119010221
Name: Haoyan Luo
Assignment 2 Pthread
Run Time: 0.857373 seconds
Problem Size: 4000 * 4000, 100
Thread Number: 12
Student ID: 119010221
Name: Haoyan Luo
Assignment 2 Pthread
Run Time: 0.681123 seconds
Problem Size: 4000 * 4000, 100
Thread Number: 16
Student ID: 119010221
Name: Haoyan Luo
Assignment 2 Pthread
Run Time: 0.529352 seconds
Problem Size: 4000 * 4000, 100
Thread Number: 24
Student ID: 119010221
Name: Haoyan Luo
Assignment 2 Pthread
Run Time: 0.438812 seconds
Problem Size: 4000 * 4000, 100
Thread Number: 32
Student ID: 119010221
Name: Haoyan Luo
Assignment 2 Pthread
Run Time: 0.382636 seconds
Problem Size: 4000 * 4000, 100
Thread Number: 40
>>>>>>>>>>>>> size = 8000 <<<<<<<<<<<<<<<
Student ID: 119010221
Name: Haoyan Luo
Assignment 2 Pthread
Run Time: 16.893992 seconds
Problem Size: 8000 * 8000, 100
Thread Number: 1
Student ID: 119010221
Name: Haoyan Luo
Assignment 2 Pthread
Run Time: 11.980182 seconds
Problem Size: 8000 * 8000, 100
Thread Number: 2
Student ID: 119010221
Name: Haoyan Luo
Assignment 2 Pthread
Run Time: 8.129824 seconds
Problem Size: 8000 * 8000, 100
Thread Number: 4
Student ID: 119010221
Name: Haoyan Luo
Assignment 2 Pthread
Run Time: 4.722234 seconds
Problem Size: 8000 * 8000, 100
Thread Number: 8
Student ID: 119010221
Name: Haoyan Luo
Assignment 2 Pthread
Run Time: 3.347168 seconds
Problem Size: 8000 * 8000, 100
Thread Number: 12
Student ID: 119010221
Name: Haoyan Luo
Assignment 2 Pthread
Run Time: 2.598642 seconds
Problem Size: 8000 * 8000, 100
Thread Number: 16
Student ID: 119010221
Name: Haoyan Luo
Assignment 2 Pthread
Run Time: 1.980854 seconds
Problem Size: 8000 * 8000, 100
Thread Number: 24
Student ID: 119010221
Name: Haoyan Luo
Assignment 2 Pthread
Run Time: 1.630627 seconds
Problem Size: 8000 * 8000, 100
Thread Number: 32
Student ID: 119010221
Name: Haoyan Luo
Assignment 2 Pthread
Run Time: 1.416058 seconds
Problem Size: 8000 * 8000, 100
Thread Number: 40
>>>>>>>>>>>>> size = 10000 <<<<<<<<<<<<<<<
Student ID: 119010221
Name: Haoyan Luo
Assignment 2 Pthread
Run Time: 26.405340 seconds
Problem Size: 10000 * 10000, 100
Thread Number: 1
Student ID: 119010221
Name: Haoyan Luo
Assignment 2 Pthread
Run Time: 18.731725 seconds
Problem Size: 10000 * 10000, 100
Thread Number: 2
Student ID: 119010221
Name: Haoyan Luo
Assignment 2 Pthread
Run Time: 12.815598 seconds
Problem Size: 10000 * 10000, 100
Thread Number: 4
Student ID: 119010221
Name: Haoyan Luo
Assignment 2 Pthread
Run Time: 7.473098 seconds
Problem Size: 10000 * 10000, 100
Thread Number: 8
Student ID: 119010221
Name: Haoyan Luo
Assignment 2 Pthread
Run Time: 5.232188 seconds
Problem Size: 10000 * 10000, 100
Thread Number: 12
Student ID: 119010221
Name: Haoyan Luo
Assignment 2 Pthread
Run Time: 4.044044 seconds
Problem Size: 10000 * 10000, 100
Thread Number: 16
Student ID: 119010221
Name: Haoyan Luo
Assignment 2 Pthread
Run Time: 3.094636 seconds
Problem Size: 10000 * 10000, 100
Thread Number: 24
Student ID: 119010221
Name: Haoyan Luo
Assignment 2 Pthread
Run Time: 2.511423 seconds
Problem Size: 10000 * 10000, 100
Thread Number: 32
Student ID: 119010221
Name: Haoyan Luo
Assignment 2 Pthread
Run Time: 2.243275 seconds
Problem Size: 10000 * 10000, 100
Thread Number: 40
