Student ID: 119010221
Name: Haoyan LUo
Assignment 2 Sequential
Run Time: 0.003758 seconds
Problem Size: 100 * 100, 100
Process Number: 1
Student ID: 119010221
Name: Haoyan LUo
Assignment 2 Sequential
Run Time: 0.043470 seconds
Problem Size: 400 * 400, 100
Process Number: 1
Student ID: 119010221
Name: Haoyan LUo
Assignment 2 Sequential
Run Time: 0.181245 seconds
Problem Size: 800 * 800, 100
Process Number: 1
Student ID: 119010221
Name: Haoyan LUo
Assignment 2 Sequential
Run Time: 0.275127 seconds
Problem Size: 1000 * 1000, 100
Process Number: 1
Student ID: 119010221
Name: Haoyan LUo
Assignment 2 Sequential
Run Time: 1.052163 seconds
Problem Size: 2000 * 2000, 100
Process Number: 1
Student ID: 119010221
Name: Haoyan LUo
Assignment 2 Sequential
Run Time: 2.391600 seconds
Problem Size: 3000 * 3000, 100
Process Number: 1
Student ID: 119010221
Name: Haoyan LUo
Assignment 2 Sequential
Run Time: 4.204705 seconds
Problem Size: 4000 * 4000, 100
Process Number: 1
Student ID: 119010221
Name: Haoyan LUo
Assignment 2 Sequential
Run Time: 16.843049 seconds
Problem Size: 8000 * 8000, 100
Process Number: 1
Student ID: 119010221
Name: Haoyan LUo
Assignment 2 Sequential
Run Time: 26.396790 seconds
Problem Size: 10000 * 10000, 100
Process Number: 1
